<?xml version="1.0" encoding="UTF-8"?>
<!-- Generated by org.testng.reporters.JUnitReportReporter -->
<testsuite hostname="DESKTOP-A55II15" failures="0" tests="1" name="com.SauceDemo.TestClasses1.TC004_VerifyMultiProductAddtoCartFunctionality" time="7.442" errors="0" timestamp="2022-08-06T19:25:20 IST" skipped="0">
  <testcase classname="com.SauceDemo.TestClasses1.TC004_VerifyMultiProductAddtoCartFunctionality" name="multipleProductAddToCartFunctionality" time="7.442"/>
  <system-out/>
</testsuite> <!-- com.SauceDemo.TestClasses1.TC004_VerifyMultiProductAddtoCartFunctionality -->
